<?xml version="1.0" encoding="UTF-8" ?>
<testsuite failures="0" time="0.776" errors="0" skipped="0" tests="6" name="org.eisti.labs.game.AbstractBoardTest">
  <properties>
    <property name="java.runtime.name" value="Java(TM) SE Runtime Environment"/>
    <property name="sun.boot.library.path" value="C:\Program Files\Java\jdk1.6.0_24\jre\bin"/>
    <property name="java.vm.version" value="19.1-b02"/>
    <property name="java.vm.vendor" value="Sun Microsystems Inc."/>
    <property name="java.vendor.url" value="http://java.sun.com/"/>
    <property name="path.separator" value=";"/>
    <property name="java.vm.name" value="Java HotSpot(TM) 64-Bit Server VM"/>
    <property name="file.encoding.pkg" value="sun.io"/>
    <property name="user.country" value="FR"/>
    <property name="sun.java.launcher" value="SUN_STANDARD"/>
    <property name="sun.os.patch.level" value=""/>
    <property name="java.vm.specification.name" value="Java Virtual Machine Specification"/>
    <property name="user.dir" value="F:\devel\ia-framework\core"/>
    <property name="java.runtime.version" value="1.6.0_24-b07"/>
    <property name="java.awt.graphicsenv" value="sun.awt.Win32GraphicsEnvironment"/>
    <property name="basedir" value="F:\devel\ia-framework\core"/>
    <property name="java.endorsed.dirs" value="C:\Program Files\Java\jdk1.6.0_24\jre\lib\endorsed"/>
    <property name="os.arch" value="amd64"/>
    <property name="surefire.real.class.path" value="F:\devel\ia-framework\core\target\surefire\surefirebooter5950755448843030354.jar"/>
    <property name="java.io.tmpdir" value="C:\Users\ANDREA~1.MAC\AppData\Local\Temp\"/>
    <property name="line.separator" value="
"/>
    <property name="java.vm.specification.vendor" value="Sun Microsystems Inc."/>
    <property name="user.variant" value=""/>
    <property name="os.name" value="Windows 7"/>
    <property name="sun.jnu.encoding" value="Cp1252"/>
    <property name="java.library.path" value="C:\Program Files\Java\jdk1.6.0_24\jre\bin;.;C:\Windows\Sun\Java\bin;C:\Windows\system32;C:\Windows;C:\Users\andrea.machizaud\Applications\IntelliJ IDEA Community Edition 10.5\bin\..\.\bin;C:\apache-maven-3.0.3\bin;C:\Program Files\Java\jre6\bin;C:\Endeca\MDEX\6.1.4\bin;C:\Endeca\MDEX\6.1.4\utilities;C:\Windows\system32;C:\Windows;C:\Windows\System32\Wbem;C:\Windows\System32\WindowsPowerShell\v1.0\;C:\Endeca\PlatformServices\6.1.0\perl;C:\Endeca\PlatformServices\6.1.0\perl\5.8.3\bin;C:\Endeca\PlatformServices\6.1.0\bin;C:\Endeca\PlatformServices\6.1.0\utilities;C:\Users\andrea.machizaud\devel\scala-2.9.0.1\bin;C:\Users\andrea.machizaud\Applications\PortableGit-1.7.4-preview20110204\bin;c:\users\andrea.machizaud\applications\intellij idea community edition 10.5\jre\jre\bin"/>
    <property name="surefire.test.class.path" value="F:\devel\ia-framework\core\target\test-classes;F:\devel\ia-framework\core\target\classes;C:\Users\andrea.machizaud\.m2\repository\junit\junit\4.8.2\junit-4.8.2.jar;C:\Users\andrea.machizaud\.m2\repository\org\mockito\mockito-all\1.8.5\mockito-all-1.8.5.jar;C:\Users\andrea.machizaud\.m2\repository\org\eisti\labs\api\0.1\api-0.1.jar;C:\Users\andrea.machizaud\.m2\repository\org\eisti\labs\helper\0.1\helper-0.1.jar;"/>
    <property name="java.specification.name" value="Java Platform API Specification"/>
    <property name="java.class.version" value="50.0"/>
    <property name="sun.management.compiler" value="HotSpot 64-Bit Server Compiler"/>
    <property name="os.version" value="6.1"/>
    <property name="user.home" value="C:\Users\andrea.machizaud"/>
    <property name="user.timezone" value=""/>
    <property name="java.awt.printerjob" value="sun.awt.windows.WPrinterJob"/>
    <property name="java.specification.version" value="1.6"/>
    <property name="file.encoding" value="Cp1252"/>
    <property name="user.name" value="Andrea.Machizaud"/>
    <property name="java.class.path" value="F:\devel\ia-framework\core\target\test-classes;F:\devel\ia-framework\core\target\classes;C:\Users\andrea.machizaud\.m2\repository\junit\junit\4.8.2\junit-4.8.2.jar;C:\Users\andrea.machizaud\.m2\repository\org\mockito\mockito-all\1.8.5\mockito-all-1.8.5.jar;C:\Users\andrea.machizaud\.m2\repository\org\eisti\labs\api\0.1\api-0.1.jar;C:\Users\andrea.machizaud\.m2\repository\org\eisti\labs\helper\0.1\helper-0.1.jar;"/>
    <property name="java.vm.specification.version" value="1.0"/>
    <property name="sun.arch.data.model" value="64"/>
    <property name="java.home" value="C:\Program Files\Java\jdk1.6.0_24\jre"/>
    <property name="java.specification.vendor" value="Sun Microsystems Inc."/>
    <property name="user.language" value="fr"/>
    <property name="awt.toolkit" value="sun.awt.windows.WToolkit"/>
    <property name="java.vm.info" value="mixed mode"/>
    <property name="java.version" value="1.6.0_24"/>
    <property name="java.ext.dirs" value="C:\Program Files\Java\jdk1.6.0_24\jre\lib\ext;C:\Windows\Sun\Java\lib\ext"/>
    <property name="sun.boot.class.path" value="C:\Program Files\Java\jdk1.6.0_24\jre\lib\resources.jar;C:\Program Files\Java\jdk1.6.0_24\jre\lib\rt.jar;C:\Program Files\Java\jdk1.6.0_24\jre\lib\sunrsasign.jar;C:\Program Files\Java\jdk1.6.0_24\jre\lib\jsse.jar;C:\Program Files\Java\jdk1.6.0_24\jre\lib\jce.jar;C:\Program Files\Java\jdk1.6.0_24\jre\lib\charsets.jar;C:\Program Files\Java\jdk1.6.0_24\jre\lib\modules\jdk.boot.jar;C:\Program Files\Java\jdk1.6.0_24\jre\classes"/>
    <property name="java.vendor" value="Sun Microsystems Inc."/>
    <property name="localRepository" value="C:\Users\andrea.machizaud\.m2\repository"/>
    <property name="file.separator" value="\"/>
    <property name="java.vendor.url.bug" value="http://java.sun.com/cgi-bin/bugreport.cgi"/>
    <property name="sun.cpu.endian" value="little"/>
    <property name="sun.io.unicode.encoding" value="UnicodeLittle"/>
    <property name="sun.desktop" value="windows"/>
    <property name="sun.cpu.isalist" value="amd64"/>
  </properties>
  <testcase time="0.431" classname="org.eisti.labs.game.AbstractBoardTest" name="expectedDimension"/>
  <testcase time="0.075" classname="org.eisti.labs.game.AbstractBoardTest" name="outOfBoundsSupRequest"/>
  <testcase time="0.007" classname="org.eisti.labs.game.AbstractBoardTest" name="outOfBoundsInfRequest"/>
  <testcase time="0.019" classname="org.eisti.labs.game.AbstractBoardTest" name="pawnRequest"/>
  <testcase time="0.023" classname="org.eisti.labs.game.AbstractBoardTest" name="neighborHoodDetection"/>
  <testcase time="0.012" classname="org.eisti.labs.game.AbstractBoardTest" name="testEmptyNeighborHood"/>
</testsuite>